0 info it worked if it ends with ok
1 verbose cli [ '/home/ec2-user/.nvm/versions/node/v6.14.4/bin/node',
1 verbose cli   '/home/ec2-user/.nvm/versions/node/v6.14.4/bin/npm',
1 verbose cli   'install',
1 verbose cli   'comments' ]
2 info using npm@3.10.10
3 info using node@v6.14.4
4 silly loadCurrentTree Starting
5 silly install loadCurrentTree
6 silly install readLocalPackageData
7 silly fetchPackageMetaData comments
8 silly fetchNamedPackageData comments
9 silly mapToRegistry name comments
10 silly mapToRegistry using default registry
11 silly mapToRegistry registry https://registry.npmjs.org/
12 silly mapToRegistry data Result {
12 silly mapToRegistry   raw: 'comments',
12 silly mapToRegistry   scope: null,
12 silly mapToRegistry   escapedName: 'comments',
12 silly mapToRegistry   name: 'comments',
12 silly mapToRegistry   rawSpec: '',
12 silly mapToRegistry   spec: 'latest',
12 silly mapToRegistry   type: 'tag' }
13 silly mapToRegistry uri https://registry.npmjs.org/comments
14 verbose request uri https://registry.npmjs.org/comments
15 verbose request no auth needed
16 info attempt registry request try #1 at 6:23:01 AM
17 verbose request id 6a0a4a59fe77dbc2
18 http request GET https://registry.npmjs.org/comments
19 http 200 https://registry.npmjs.org/comments
20 verbose headers { date: 'Sat, 10 Nov 2018 06:23:01 GMT',
20 verbose headers   'content-type': 'application/json; charset=UTF-8',
20 verbose headers   'transfer-encoding': 'chunked',
20 verbose headers   connection: 'keep-alive',
20 verbose headers   'set-cookie': [ '__cfduid=d2f3f07dd249544f2f41cf341e9c6a3fe1541830981; expires=Sun, 10-Nov-19 06:23:01 GMT; path=/; domain=.registry.npmjs.org; HttpOnly' ],
20 verbose headers   'cf-cache-status': 'REVALIDATED',
20 verbose headers   'cache-control': 'max-age=300',
20 verbose headers   'cf-ray': '47766d906d95c1ae-IAD',
20 verbose headers   etag: 'W/"97852cf0d2c9fbb5103acb0b84c7b2f0"',
20 verbose headers   'expect-ct': 'max-age=604800, report-uri="https://report-uri.cloudflare.com/cdn-cgi/beacon/expect-ct"',
20 verbose headers   'last-modified': 'Sat, 26 May 2018 20:21:31 GMT',
20 verbose headers   vary: 'accept-encoding, accept',
20 verbose headers   server: 'cloudflare',
20 verbose headers   'content-encoding': 'gzip' }
21 silly get cb [ 200,
21 silly get   { date: 'Sat, 10 Nov 2018 06:23:01 GMT',
21 silly get     'content-type': 'application/json; charset=UTF-8',
21 silly get     'transfer-encoding': 'chunked',
21 silly get     connection: 'keep-alive',
21 silly get     'set-cookie': [ '__cfduid=d2f3f07dd249544f2f41cf341e9c6a3fe1541830981; expires=Sun, 10-Nov-19 06:23:01 GMT; path=/; domain=.registry.npmjs.org; HttpOnly' ],
21 silly get     'cf-cache-status': 'REVALIDATED',
21 silly get     'cache-control': 'max-age=300',
21 silly get     'cf-ray': '47766d906d95c1ae-IAD',
21 silly get     etag: 'W/"97852cf0d2c9fbb5103acb0b84c7b2f0"',
21 silly get     'expect-ct': 'max-age=604800, report-uri="https://report-uri.cloudflare.com/cdn-cgi/beacon/expect-ct"',
21 silly get     'last-modified': 'Sat, 26 May 2018 20:21:31 GMT',
21 silly get     vary: 'accept-encoding, accept',
21 silly get     server: 'cloudflare',
21 silly get     'content-encoding': 'gzip' } ]
22 verbose get saving comments to /home/ec2-user/.npm/registry.npmjs.org/comments/.cache.json
23 verbose correctMkdir /home/ec2-user/.npm correctMkdir not in flight; initializing
24 silly install normalizeTree
25 silly loadCurrentTree Finishing
26 silly loadIdealTree Starting
27 silly install loadIdealTree
28 silly cloneCurrentTree Starting
29 silly install cloneCurrentTreeToIdealTree
30 silly cloneCurrentTree Finishing
31 silly loadShrinkwrap Starting
32 silly install loadShrinkwrap
33 silly loadShrinkwrap Finishing
34 silly loadAllDepsIntoIdealTree Starting
35 silly install loadAllDepsIntoIdealTree
36 silly rollbackFailedOptional Starting
37 silly rollbackFailedOptional Finishing
38 silly runTopLevelLifecycles Finishing
39 silly install printInstalled
40 verbose stack Error: Refusing to install comments as a dependency of itself
40 verbose stack     at checkSelf (/home/ec2-user/.nvm/versions/node/v6.14.4/lib/node_modules/npm/lib/install/validate-args.js:53:14)
40 verbose stack     at Array.<anonymous> (/home/ec2-user/.nvm/versions/node/v6.14.4/lib/node_modules/npm/node_modules/slide/lib/bind-actor.js:15:8)
40 verbose stack     at LOOP (/home/ec2-user/.nvm/versions/node/v6.14.4/lib/node_modules/npm/node_modules/slide/lib/chain.js:15:14)
40 verbose stack     at chain (/home/ec2-user/.nvm/versions/node/v6.14.4/lib/node_modules/npm/node_modules/slide/lib/chain.js:20:5)
40 verbose stack     at /home/ec2-user/.nvm/versions/node/v6.14.4/lib/node_modules/npm/lib/install/validate-args.js:16:5
40 verbose stack     at /home/ec2-user/.nvm/versions/node/v6.14.4/lib/node_modules/npm/node_modules/slide/lib/async-map.js:52:35
40 verbose stack     at Array.forEach (native)
40 verbose stack     at /home/ec2-user/.nvm/versions/node/v6.14.4/lib/node_modules/npm/node_modules/slide/lib/async-map.js:52:11
40 verbose stack     at Array.forEach (native)
40 verbose stack     at asyncMap (/home/ec2-user/.nvm/versions/node/v6.14.4/lib/node_modules/npm/node_modules/slide/lib/async-map.js:51:8)
41 verbose cwd /var/www/html/mongo
42 error Linux 4.14.62-65.117.amzn1.x86_64
43 error argv "/home/ec2-user/.nvm/versions/node/v6.14.4/bin/node" "/home/ec2-user/.nvm/versions/node/v6.14.4/bin/npm" "install" "comments"
44 error node v6.14.4
45 error npm  v3.10.10
46 error code ENOSELF
47 error Refusing to install comments as a dependency of itself
48 error If you need help, you may report this error at:
48 error     <https://github.com/npm/npm/issues>
49 verbose exit [ 1, true ]
